app/build/outputs/logs/manifest-merger-debug-report.txt
-- Merging decision tree log ---
manifest
ADDED from src\main\AndroidManifest.xml:1:1-198:12
	package
		ADDED from src\main\AndroidManifest.xml:1:11-41
		INJECTED from src\main\AndroidManifest.xml
		INJECTED from src\main\AndroidManifest.xml
	android:versionName
		INJECTED from src\main\AndroidManifest.xml
		INJECTED from src\main\AndroidManifest.xml
	xmlns:android
		ADDED from src\main\AndroidManifest.xml:2:11-69
	android:versionCode
		INJECTED from src\main\AndroidManifest.xml
		INJECTED from src\main\AndroidManifest.xml
uses-permission#android.permission.CHANGE_WIFI_STATE
ADDED from src\main\AndroidManifest.xml:4:5-75
	android:name
		ADDED from src\main\AndroidManifest.xml:4:22-73
uses-permission#android.permission.INTERNET
ADDED from src\main\AndroidManifest.xml:5:5-66
MERGED from [SmartCity:vitamio:unspecified] AndroidManifest.xml:12:5-67
	android:name
		ADDED from src\main\AndroidManifest.xml:5:22-64
uses-permission#android.permission.ACCESS_NETWORK_STATE
ADDED from src\main\AndroidManifest.xml:6:5-78
MERGED from [SmartCity:vitamio:unspecified] AndroidManifest.xml:13:5-79
	android:name
		ADDED from src\main\AndroidManifest.xml:6:22-76
uses-permission#android.permission.ACCESS_WIFI_STATE
ADDED from src\main\AndroidManifest.xml:8:5-75
	android:name
		ADDED from src\main\AndroidManifest.xml:8:22-73
uses-permission#android.permission.ACCESS_COARSE_LOCATION
ADDED from src\main\AndroidManifest.xml:9:5-80
	android:name
		ADDED from src\main\AndroidManifest.xml:9:22-78
uses-permission#android.permission.RECEIVE_BOOT_COMPLETED
ADDED from src\main\AndroidManifest.xml:10:5-80
	android:name
		ADDED from src\main\AndroidManifest.xml:10:22-78
uses-permission#android.permission.CALL_PHONE
ADDED from src\main\AndroidManifest.xml:11:5-68
	android:name
		ADDED from src\main\AndroidManifest.xml:11:22-66
uses-permission#android.permission.READ_PHONE_STATE
ADDED from src\main\AndroidManifest.xml:12:5-74
	android:name
		ADDED from src\main\AndroidManifest.xml:12:22-72
uses-permission#android.permission.SEND_SMS
ADDED from src\main\AndroidManifest.xml:13:5-66
	android:name
		ADDED from src\main\AndroidManifest.xml:13:22-64
uses-permission#android.permission.READ_SMS
ADDED from src\main\AndroidManifest.xml:14:5-66
	android:name
		ADDED from src\main\AndroidManifest.xml:14:22-64
uses-permission#android.permission.RECEIVE_SMS
ADDED from src\main\AndroidManifest.xml:15:5-69
	android:name
		ADDED from src\main\AndroidManifest.xml:15:22-67
uses-permission#android.permission.WRITE_SETTINGS
ADDED from src\main\AndroidManifest.xml:16:5-72
	android:name
		ADDED from src\main\AndroidManifest.xml:16:22-70
uses-permission#android.permission.WRITE_EXTERNAL_STORAGE
ADDED from src\main\AndroidManifest.xml:17:5-80
	android:name
		ADDED from src\main\AndroidManifest.xml:17:22-78
uses-permission#android.permission.READ_EXTERNAL_STORAGE
ADDED from src\main\AndroidManifest.xml:18:5-79
	android:name
		ADDED from src\main\AndroidManifest.xml:18:22-77
application
ADDED from src\main\AndroidManifest.xml:20:5-196:19
MERGED from [SmartCity:vitamio:unspecified] AndroidManifest.xml:15:5-22:19
MERGED from [com.android.support:cardview-v7:25.3.0] AndroidManifest.xml:26:5-20
MERGED from [com.android.support:palette-v7:25.3.0] AndroidManifest.xml:26:5-20
MERGED from [SmartCity:LRecyclerview_library:unspecified] AndroidManifest.xml:11:5-15:19
MERGED from [com.android.support:design:25.3.0] AndroidManifest.xml:29:5-20
MERGED from [com.android.support:appcompat-v7:25.3.0] AndroidManifest.xml:29:5-20
MERGED from [com.android.support:animated-vector-drawable:25.3.0] AndroidManifest.xml:26:5-20
MERGED from [com.android.support:support-vector-drawable:25.3.0] AndroidManifest.xml:26:5-20
MERGED from [com.android.support:transition:25.3.0] AndroidManifest.xml:26:5-20
MERGED from [com.android.support:support-v4:25.3.0] AndroidManifest.xml:29:5-20
MERGED from [com.android.support:support-fragment:25.3.0] AndroidManifest.xml:29:5-20
MERGED from [com.android.support:support-media-compat:25.3.0] AndroidManifest.xml:29:5-20
MERGED from [com.android.support:support-core-ui:25.3.0] AndroidManifest.xml:29:5-20
MERGED from [com.android.support:support-core-utils:25.3.0] AndroidManifest.xml:29:5-20
MERGED from [com.android.support:support-compat:25.3.0] AndroidManifest.xml:29:5-20
	android:label
		ADDED from src\main\AndroidManifest.xml:24:9-41
	android:supportsRtl
		ADDED from [SmartCity:LRecyclerview_library:unspecified] AndroidManifest.xml:14:9-35
	android:allowBackup
		ADDED from src\main\AndroidManifest.xml:22:9-35
	android:icon
		ADDED from src\main\AndroidManifest.xml:23:9-43
	android:theme
		ADDED from src\main\AndroidManifest.xml:25:9-40
	android:name
		ADDED from src\main\AndroidManifest.xml:21:9-45
meta-data#com.thinkland.juheapi.openid
ADDED from src\main\AndroidManifest.xml:26:9-28:65
	android:value
		ADDED from src\main\AndroidManifest.xml:28:13-63
	android:name
		ADDED from src\main\AndroidManifest.xml:27:13-56
meta-data#com.baidu.lbsapi.API_KEY
ADDED from src\main\AndroidManifest.xml:29:9-31:55
	android:value
		ADDED from src\main\AndroidManifest.xml:31:13-53
	android:name
		ADDED from src\main\AndroidManifest.xml:30:13-52
activity#com.google.smartcity.ui.activity.SplashActivity
ADDED from src\main\AndroidManifest.xml:35:9-42:20
	android:name
		ADDED from src\main\AndroidManifest.xml:36:13-55
intent-filter#android.intent.action.MAIN+android.intent.category.LAUNCHER
ADDED from src\main\AndroidManifest.xml:37:13-41:29
action#android.intent.action.MAIN
ADDED from src\main\AndroidManifest.xml:38:17-68
	android:name
		ADDED from src\main\AndroidManifest.xml:38:25-66
category#android.intent.category.LAUNCHER
ADDED from src\main\AndroidManifest.xml:40:17-76
	android:name
		ADDED from src\main\AndroidManifest.xml:40:27-74
activity#com.google.smartcity.ui.activity.GuideActivity
ADDED from src\main\AndroidManifest.xml:43:9-62
	android:name
		ADDED from src\main\AndroidManifest.xml:43:19-60
activity#com.google.smartcity.ui.activity.MainActivity
ADDED from src\main\AndroidManifest.xml:45:9-61
	android:name
		ADDED from src\main\AndroidManifest.xml:45:19-59
activity#com.google.smartcity.ui.activity.NewsDetailActivity
ADDED from src\main\AndroidManifest.xml:46:9-67
	android:name
		ADDED from src\main\AndroidManifest.xml:46:19-65
activity#com.google.smartcity.ui.activity.LoginActivity
ADDED from src\main\AndroidManifest.xml:47:9-62
	android:name
		ADDED from src\main\AndroidManifest.xml:47:19-60
activity#com.google.smartcity.ui.activity.FeedbackActivity
ADDED from src\main\AndroidManifest.xml:48:9-65
	android:name
		ADDED from src\main\AndroidManifest.xml:48:19-63
activity#com.google.smartcity.ui.activity.VideoPlayActivity
ADDED from src\main\AndroidManifest.xml:49:9-66
	android:name
		ADDED from src\main\AndroidManifest.xml:49:19-64
activity#com.google.smartcity.ui.activity.ChannelActivity
ADDED from src\main\AndroidManifest.xml:50:9-54:20
	android:name
		ADDED from src\main\AndroidManifest.xml:50:19-62
activity#com.thinkland.yellowpages.activity.YellowPageActivity
ADDED from src\main\AndroidManifest.xml:59:9-62:51
	android:screenOrientation
		ADDED from src\main\AndroidManifest.xml:61:13-49
	android:theme
		ADDED from src\main\AndroidManifest.xml:62:13-49
	android:name
		ADDED from src\main\AndroidManifest.xml:60:13-81
activity#com.thinkland.yellowpages.activity.RechargeActivity
ADDED from src\main\AndroidManifest.xml:64:9-67:51
	android:screenOrientation
		ADDED from src\main\AndroidManifest.xml:66:13-49
	android:theme
		ADDED from src\main\AndroidManifest.xml:67:13-49
	android:name
		ADDED from src\main\AndroidManifest.xml:65:13-79
activity#com.thinkland.yellowpages.activity.ExpressActivity
ADDED from src\main\AndroidManifest.xml:69:9-72:51
	android:screenOrientation
		ADDED from src\main\AndroidManifest.xml:71:13-49
	android:theme
		ADDED from src\main\AndroidManifest.xml:72:13-49
	android:name
		ADDED from src\main\AndroidManifest.xml:70:13-78
activity#com.thinkland.yellowpages.activity.HospitalActivity
ADDED from src\main\AndroidManifest.xml:74:9-77:51
	android:screenOrientation
		ADDED from src\main\AndroidManifest.xml:76:13-49
	android:theme
		ADDED from src\main\AndroidManifest.xml:77:13-49
	android:name
		ADDED from src\main\AndroidManifest.xml:75:13-79
activity#com.thinkland.yellowpages.activity.AirLineResearchActivity
ADDED from src\main\AndroidManifest.xml:79:9-82:51
	android:screenOrientation
		ADDED from src\main\AndroidManifest.xml:81:13-49
	android:theme
		ADDED from src\main\AndroidManifest.xml:82:13-49
	android:name
		ADDED from src\main\AndroidManifest.xml:80:13-86
activity#com.thinkland.yellowpages.activity.AirFlightResearchActivity
ADDED from src\main\AndroidManifest.xml:84:9-87:51
	android:screenOrientation
		ADDED from src\main\AndroidManifest.xml:86:13-49
	android:theme
		ADDED from src\main\AndroidManifest.xml:87:13-49
	android:name
		ADDED from src\main\AndroidManifest.xml:85:13-88
activity#com.thinkland.yellowpages.activity.IllegalActivity
ADDED from src\main\AndroidManifest.xml:89:9-92:51
	android:screenOrientation
		ADDED from src\main\AndroidManifest.xml:91:13-49
	android:theme
		ADDED from src\main\AndroidManifest.xml:92:13-49
	android:name
		ADDED from src\main\AndroidManifest.xml:90:13-78
activity#com.thinkland.yellowpages.activity.PetrolStationMap
ADDED from src\main\AndroidManifest.xml:94:9-97:51
	android:screenOrientation
		ADDED from src\main\AndroidManifest.xml:96:13-49
	android:theme
		ADDED from src\main\AndroidManifest.xml:97:13-49
	android:name
		ADDED from src\main\AndroidManifest.xml:95:13-79
activity#com.thinkland.yellowpages.activity.TrainActivity
ADDED from src\main\AndroidManifest.xml:99:9-102:51
	android:screenOrientation
		ADDED from src\main\AndroidManifest.xml:101:13-49
	android:theme
		ADDED from src\main\AndroidManifest.xml:102:13-49
	android:name
		ADDED from src\main\AndroidManifest.xml:100:13-76
activity#com.thinkland.yellowpages.activity.NearbyDelicaciesActivity
ADDED from src\main\AndroidManifest.xml:104:9-107:51
	android:screenOrientation
		ADDED from src\main\AndroidManifest.xml:106:13-49
	android:theme
		ADDED from src\main\AndroidManifest.xml:107:13-49
	android:name
		ADDED from src\main\AndroidManifest.xml:105:13-87
activity#com.thinkland.yellowpages.activity.PhoneListActivity
ADDED from src\main\AndroidManifest.xml:108:9-111:51
	android:screenOrientation
		ADDED from src\main\AndroidManifest.xml:110:13-49
	android:theme
		ADDED from src\main\AndroidManifest.xml:111:13-49
	android:name
		ADDED from src\main\AndroidManifest.xml:109:13-80
activity#com.thinkland.yellowpages.activity.ExpressqueryActivity
ADDED from src\main\AndroidManifest.xml:112:9-115:51
	android:screenOrientation
		ADDED from src\main\AndroidManifest.xml:114:13-49
	android:theme
		ADDED from src\main\AndroidManifest.xml:115:13-49
	android:name
		ADDED from src\main\AndroidManifest.xml:113:13-83
activity#com.thinkland.yellowpages.activity.IllegalDetailsActivity
ADDED from src\main\AndroidManifest.xml:116:9-119:51
	android:screenOrientation
		ADDED from src\main\AndroidManifest.xml:118:13-49
	android:theme
		ADDED from src\main\AndroidManifest.xml:119:13-49
	android:name
		ADDED from src\main\AndroidManifest.xml:117:13-85
activity#com.thinkland.yellowpages.activity.CityMainActivity
ADDED from src\main\AndroidManifest.xml:120:9-123:58
	android:screenOrientation
		ADDED from src\main\AndroidManifest.xml:122:13-49
	android:theme
		ADDED from src\main\AndroidManifest.xml:123:13-56
	android:name
		ADDED from src\main\AndroidManifest.xml:121:13-79
activity#com.thinkland.yellowpages.activity.TrainStationActivity
ADDED from src\main\AndroidManifest.xml:124:9-127:51
	android:screenOrientation
		ADDED from src\main\AndroidManifest.xml:126:13-49
	android:theme
		ADDED from src\main\AndroidManifest.xml:127:13-49
	android:name
		ADDED from src\main\AndroidManifest.xml:125:13-83
activity#com.thinkland.yellowpages.activity.CalendarActivity
ADDED from src\main\AndroidManifest.xml:128:9-131:51
	android:screenOrientation
		ADDED from src\main\AndroidManifest.xml:130:13-49
	android:theme
		ADDED from src\main\AndroidManifest.xml:131:13-49
	android:name
		ADDED from src\main\AndroidManifest.xml:129:13-79
activity#com.thinkland.yellowpages.activity.TrainDetailsActivity
ADDED from src\main\AndroidManifest.xml:132:9-135:51
	android:screenOrientation
		ADDED from src\main\AndroidManifest.xml:134:13-49
	android:theme
		ADDED from src\main\AndroidManifest.xml:135:13-49
	android:name
		ADDED from src\main\AndroidManifest.xml:133:13-83
activity#com.thinkland.yellowpages.activity.DelicaciesActivity
ADDED from src\main\AndroidManifest.xml:136:9-139:51
	android:screenOrientation
		ADDED from src\main\AndroidManifest.xml:138:13-49
	android:theme
		ADDED from src\main\AndroidManifest.xml:139:13-49
	android:name
		ADDED from src\main\AndroidManifest.xml:137:13-81
activity#com.thinkland.yellowpages.activity.TrainMessageActivity
ADDED from src\main\AndroidManifest.xml:140:9-143:51
	android:screenOrientation
		ADDED from src\main\AndroidManifest.xml:142:13-49
	android:theme
		ADDED from src\main\AndroidManifest.xml:143:13-49
	android:name
		ADDED from src\main\AndroidManifest.xml:141:13-83
activity#com.thinkland.yellowpages.activity.HospitalLoginActivity
ADDED from src\main\AndroidManifest.xml:144:9-147:51
	android:screenOrientation
		ADDED from src\main\AndroidManifest.xml:146:13-49
	android:theme
		ADDED from src\main\AndroidManifest.xml:147:13-49
	android:name
		ADDED from src\main\AndroidManifest.xml:145:13-84
activity#com.thinkland.yellowpages.activity.HospitalDoctorListActivity
ADDED from src\main\AndroidManifest.xml:148:9-151:51
	android:screenOrientation
		ADDED from src\main\AndroidManifest.xml:150:13-49
	android:theme
		ADDED from src\main\AndroidManifest.xml:151:13-49
	android:name
		ADDED from src\main\AndroidManifest.xml:149:13-89
activity#com.thinkland.yellowpages.activity.HospitalDoctorInformationActivity
ADDED from src\main\AndroidManifest.xml:152:9-155:51
	android:screenOrientation
		ADDED from src\main\AndroidManifest.xml:154:13-49
	android:theme
		ADDED from src\main\AndroidManifest.xml:155:13-49
	android:name
		ADDED from src\main\AndroidManifest.xml:153:13-96
activity#com.thinkland.yellowpages.activity.HospitalRegisterIdentifyCodeActivity
ADDED from src\main\AndroidManifest.xml:156:9-159:51
	android:screenOrientation
		ADDED from src\main\AndroidManifest.xml:158:13-49
	android:theme
		ADDED from src\main\AndroidManifest.xml:159:13-49
	android:name
		ADDED from src\main\AndroidManifest.xml:157:13-99
activity#com.thinkland.yellowpages.activity.PetrolStationListActivity
ADDED from src\main\AndroidManifest.xml:160:9-163:51
	android:screenOrientation
		ADDED from src\main\AndroidManifest.xml:162:13-49
	android:theme
		ADDED from src\main\AndroidManifest.xml:163:13-49
	android:name
		ADDED from src\main\AndroidManifest.xml:161:13-88
activity#com.thinkland.yellowpages.activity.PetrolStationDetialActivity
ADDED from src\main\AndroidManifest.xml:164:9-167:51
	android:screenOrientation
		ADDED from src\main\AndroidManifest.xml:166:13-49
	android:theme
		ADDED from src\main\AndroidManifest.xml:167:13-49
	android:name
		ADDED from src\main\AndroidManifest.xml:165:13-90
activity#com.thinkland.yellowpages.activity.NearbyPOIActivity
ADDED from src\main\AndroidManifest.xml:168:9-172:20
	android:screenOrientation
		ADDED from src\main\AndroidManifest.xml:170:13-49
	android:theme
		ADDED from src\main\AndroidManifest.xml:171:13-49
	android:name
		ADDED from src\main\AndroidManifest.xml:169:13-80
activity#com.thinkland.yellowpages.activity.RouteActivity
ADDED from src\main\AndroidManifest.xml:173:9-176:51
	android:screenOrientation
		ADDED from src\main\AndroidManifest.xml:175:13-49
	android:theme
		ADDED from src\main\AndroidManifest.xml:176:13-49
	android:name
		ADDED from src\main\AndroidManifest.xml:174:13-76
activity#com.thinkland.yellowpages.activity.AirLineQueryActivity
ADDED from src\main\AndroidManifest.xml:177:9-180:51
	android:screenOrientation
		ADDED from src\main\AndroidManifest.xml:179:13-49
	android:theme
		ADDED from src\main\AndroidManifest.xml:180:13-49
	android:name
		ADDED from src\main\AndroidManifest.xml:178:13-83
activity#com.thinkland.yellowpages.activity.AirFlightActivity
ADDED from src\main\AndroidManifest.xml:181:9-184:51
	android:screenOrientation
		ADDED from src\main\AndroidManifest.xml:183:13-49
	android:theme
		ADDED from src\main\AndroidManifest.xml:184:13-49
	android:name
		ADDED from src\main\AndroidManifest.xml:182:13-80
activity#com.thinkland.yellowpages.activity.AirportActivity
ADDED from src\main\AndroidManifest.xml:185:9-188:51
	android:screenOrientation
		ADDED from src\main\AndroidManifest.xml:187:13-49
	android:theme
		ADDED from src\main\AndroidManifest.xml:188:13-49
	android:name
		ADDED from src\main\AndroidManifest.xml:186:13-78
service#com.baidu.location.f
ADDED from src\main\AndroidManifest.xml:190:9-194:19
	android:enabled
		ADDED from src\main\AndroidManifest.xml:192:13-35
	android:process
		ADDED from src\main\AndroidManifest.xml:193:13-38
	android:name
		ADDED from src\main\AndroidManifest.xml:191:13-48
uses-sdk
INJECTED from src\main\AndroidManifest.xml reason: use-sdk injection requested
MERGED from [SmartCity:vitamio:unspecified] AndroidManifest.xml:7:5-9:41
MERGED from [com.android.support:cardview-v7:25.3.0] AndroidManifest.xml:20:5-43
MERGED from [com.android.support:palette-v7:25.3.0] AndroidManifest.xml:20:5-43
MERGED from [SmartCity:LRecyclerview_library:unspecified] AndroidManifest.xml:7:5-9:41
MERGED from [com.android.support:design:25.3.0] AndroidManifest.xml:21:5-23:62
MERGED from [com.android.support:appcompat-v7:25.3.0] AndroidManifest.xml:21:5-23:78
MERGED from [com.android.support:animated-vector-drawable:25.3.0] AndroidManifest.xml:20:5-44
MERGED from [com.android.support:support-vector-drawable:25.3.0] AndroidManifest.xml:20:5-43
MERGED from [com.android.support:recyclerview-v7:25.3.0] AndroidManifest.xml:20:5-43
MERGED from [com.android.support:transition:25.3.0] AndroidManifest.xml:20:5-44
MERGED from [com.android.support:support-v4:25.3.0] AndroidManifest.xml:21:5-23:54
MERGED from [com.android.support:support-fragment:25.3.0] AndroidManifest.xml:21:5-23:60
MERGED from [com.android.support:support-media-compat:25.3.0] AndroidManifest.xml:21:5-23:63
MERGED from [com.android.support:support-core-ui:25.3.0] AndroidManifest.xml:21:5-23:58
MERGED from [com.android.support:support-core-utils:25.3.0] AndroidManifest.xml:21:5-23:61
MERGED from [com.android.support:support-compat:25.3.0] AndroidManifest.xml:21:5-23:58
	tools:overrideLibrary
		ADDED from [com.android.support:design:25.3.0] AndroidManifest.xml:23:9-59
	android:targetSdkVersion
		INJECTED from src\main\AndroidManifest.xml
		INJECTED from src\main\AndroidManifest.xml
	android:minSdkVersion
		INJECTED from src\main\AndroidManifest.xml
		INJECTED from src\main\AndroidManifest.xml
uses-permission#android.permission.WAKE_LOCK
ADDED from [SmartCity:vitamio:unspecified] AndroidManifest.xml:11:5-68
	android:name
		ADDED from [SmartCity:vitamio:unspecified] AndroidManifest.xml:11:22-65
activity#io.vov.vitamio.activity.InitActivity
ADDED from [SmartCity:vitamio:unspecified] AndroidManifest.xml:16:9-21:63
	android:launchMode
		ADDED from [SmartCity:vitamio:unspecified] AndroidManifest.xml:19:13-43
	android:windowSoftInputMode
		ADDED from [SmartCity:vitamio:unspecified] AndroidManifest.xml:21:13-60
	android:configChanges
		ADDED from [SmartCity:vitamio:unspecified] AndroidManifest.xml:18:13-113
	android:theme
		ADDED from [SmartCity:vitamio:unspecified] AndroidManifest.xml:20:13-60
	android:name
		ADDED from [SmartCity:vitamio:unspecified] AndroidManifest.xml:17:13-64
meta-data#android.support.VERSION
ADDED from [com.android.support:cardview-v7:25.3.0] AndroidManifest.xml:22:5-24:34
MERGED from [com.android.support:palette-v7:25.3.0] AndroidManifest.xml:22:5-24:34
MERGED from [com.android.support:design:25.3.0] AndroidManifest.xml:25:5-27:34
MERGED from [com.android.support:appcompat-v7:25.3.0] AndroidManifest.xml:25:5-27:34
MERGED from [com.android.support:animated-vector-drawable:25.3.0] AndroidManifest.xml:22:5-24:34
MERGED from [com.android.support:support-vector-drawable:25.3.0] AndroidManifest.xml:22:5-24:34
MERGED from [com.android.support:recyclerview-v7:25.3.0] AndroidManifest.xml:22:5-24:34
MERGED from [com.android.support:transition:25.3.0] AndroidManifest.xml:22:5-24:34
MERGED from [com.android.support:support-v4:25.3.0] AndroidManifest.xml:25:5-27:34
MERGED from [com.android.support:support-fragment:25.3.0] AndroidManifest.xml:25:5-27:34
MERGED from [com.android.support:support-media-compat:25.3.0] AndroidManifest.xml:25:5-27:34
MERGED from [com.android.support:support-core-ui:25.3.0] AndroidManifest.xml:25:5-27:34
MERGED from [com.android.support:support-core-utils:25.3.0] AndroidManifest.xml:25:5-27:34
MERGED from [com.android.support:support-compat:25.3.0] AndroidManifest.xml:25:5-27:34
	android:value
		ADDED from [com.android.support:cardview-v7:25.3.0] AndroidManifest.xml:24:9-31
	android:name
		ADDED from [com.android.support:cardview-v7:25.3.0] AndroidManifest.xml:23:9-47